2025-07-28 09:29:35,876 - ERROR - Error calculating MD5 for D:/Project/server/img\文学与语言/历史故事/民族与外交故事/民族融合/2e934d88afe0645d37b16753963d0fd5.jpeg: [Errno 2] No such file or directory: 'D:/Project/server/img\\文学与语言/历史故事/民族与外交故事/民族融合/2e934d88afe0645d37b16753963d0fd5.jpeg'
2025-07-28 09:29:39,826 - ERROR - Error calculating MD5 for D:/Project/server/img\文学与语言/成语/寓言故事类/7347aab4fb18d306c1f1697b5eda469a.jpg: [Errno 2] No such file or directory: 'D:/Project/server/img\\文学与语言/成语/寓言故事类/7347aab4fb18d306c1f1697b5eda469a.jpg'
2025-07-28 09:29:40,699 - ERROR - Error calculating MD5 for D:/Project/server/img\文学与语言/歇后语/幽默讽刺类/老和尚捎嫁妆 ―― 下世再说不用.jpeg: [Errno 2] No such file or directory: 'D:/Project/server/img\\文学与语言/歇后语/幽默讽刺类/老和尚捎嫁妆 ―― 下世再说不用.jpeg'
2025-07-28 09:32:01,320 - ERROR - Error calculating MD5 for D:/Project/server/img\文学与语言/历史故事/民族与外交故事/民族融合/2e934d88afe0645d37b16753963d0fd5.jpeg: [Errno 2] No such file or directory: 'D:/Project/server/img\\文学与语言/历史故事/民族与外交故事/民族融合/2e934d88afe0645d37b16753963d0fd5.jpeg'
2025-07-28 09:32:01,717 - ERROR - Error calculating MD5 for D:/Project/server/img\文学与语言/成语/寓言故事类/7347aab4fb18d306c1f1697b5eda469a.jpg: [Errno 2] No such file or directory: 'D:/Project/server/img\\文学与语言/成语/寓言故事类/7347aab4fb18d306c1f1697b5eda469a.jpg'
2025-07-28 09:32:01,787 - ERROR - Error calculating MD5 for D:/Project/server/img\文学与语言/歇后语/幽默讽刺类/老和尚捎嫁妆 ―― 下世再说不用.jpeg: [Errno 2] No such file or directory: 'D:/Project/server/img\\文学与语言/歇后语/幽默讽刺类/老和尚捎嫁妆 ―― 下世再说不用.jpeg'
2025-07-28 09:48:38,184 - ERROR - Error calculating MD5 for D:/Project/server/img\文学与语言/历史故事/民族与外交故事/民族融合/2e934d88afe0645d37b16753963d0fd5.jpeg: [Errno 2] No such file or directory: 'D:/Project/server/img\\文学与语言/历史故事/民族与外交故事/民族融合/2e934d88afe0645d37b16753963d0fd5.jpeg'
2025-07-28 09:48:38,639 - ERROR - Error calculating MD5 for D:/Project/server/img\文学与语言/成语/寓言故事类/7347aab4fb18d306c1f1697b5eda469a.jpg: [Errno 2] No such file or directory: 'D:/Project/server/img\\文学与语言/成语/寓言故事类/7347aab4fb18d306c1f1697b5eda469a.jpg'
2025-07-28 09:48:38,737 - ERROR - Error calculating MD5 for D:/Project/server/img\文学与语言/歇后语/幽默讽刺类/老和尚捎嫁妆 ―― 下世再说不用.jpeg: [Errno 2] No such file or directory: 'D:/Project/server/img\\文学与语言/歇后语/幽默讽刺类/老和尚捎嫁妆 ―― 下世再说不用.jpeg'
2025-07-28 16:39:21,330 - ERROR - Error calculating MD5 for D:/Project/server/img\文学与语言/历史故事/民族与外交故事/民族融合/2e934d88afe0645d37b16753963d0fd5.jpeg: [Errno 2] No such file or directory: 'D:/Project/server/img\\文学与语言/历史故事/民族与外交故事/民族融合/2e934d88afe0645d37b16753963d0fd5.jpeg'
2025-07-28 16:39:25,802 - ERROR - Error calculating MD5 for D:/Project/server/img\文学与语言/成语/寓言故事类/7347aab4fb18d306c1f1697b5eda469a.jpg: [Errno 2] No such file or directory: 'D:/Project/server/img\\文学与语言/成语/寓言故事类/7347aab4fb18d306c1f1697b5eda469a.jpg'
2025-07-28 16:39:26,788 - ERROR - Error calculating MD5 for D:/Project/server/img\文学与语言/歇后语/幽默讽刺类/老和尚捎嫁妆 ―― 下世再说不用.jpeg: [Errno 2] No such file or directory: 'D:/Project/server/img\\文学与语言/歇后语/幽默讽刺类/老和尚捎嫁妆 ―― 下世再说不用.jpeg'
2025-07-28 17:54:01,650 - ERROR - Error calculating MD5 for D:/Project/server/img\文学与语言/历史故事/道德与价值观/智慧谋略故事/486a1cb663d33af5cf1302b892407636.jpeg: [Errno 2] No such file or directory: 'D:/Project/server/img\\文学与语言/历史故事/道德与价值观/智慧谋略故事/486a1cb663d33af5cf1302b892407636.jpeg'
2025-07-28 17:54:01,667 - ERROR - Error calculating MD5 for D:/Project/server/img\文学与语言/历史故事/道德与价值观/智慧谋略故事/79be55c211498bb5aa560d229aa60906.jpeg: [Errno 2] No such file or directory: 'D:/Project/server/img\\文学与语言/历史故事/道德与价值观/智慧谋略故事/79be55c211498bb5aa560d229aa60906.jpeg'
2025-08-04 13:24:36,361 - ERROR - Error calculating MD5 for D:/output_result0726\文学与语言/历史故事/道德与价值观/智慧谋略故事/486a1cb663d33af5cf1302b892407636.jpeg: [Errno 2] No such file or directory: 'D:/output_result0726\\文学与语言/历史故事/道德与价值观/智慧谋略故事/486a1cb663d33af5cf1302b892407636.jpeg'
2025-08-04 13:24:36,382 - ERROR - Error calculating MD5 for D:/output_result0726\文学与语言/历史故事/道德与价值观/智慧谋略故事/79be55c211498bb5aa560d229aa60906.jpeg: [Errno 2] No such file or directory: 'D:/output_result0726\\文学与语言/历史故事/道德与价值观/智慧谋略故事/79be55c211498bb5aa560d229aa60906.jpeg'
2025-08-05 16:33:32,357 - ERROR - Error calculating MD5 for D:/output_result0726\文学与语言/历史故事/道德与价值观/智慧谋略故事/486a1cb663d33af5cf1302b892407636.jpeg: [Errno 2] No such file or directory: 'D:/output_result0726\\文学与语言/历史故事/道德与价值观/智慧谋略故事/486a1cb663d33af5cf1302b892407636.jpeg'
2025-08-05 16:33:32,375 - ERROR - Error calculating MD5 for D:/output_result0726\文学与语言/历史故事/道德与价值观/智慧谋略故事/79be55c211498bb5aa560d229aa60906.jpeg: [Errno 2] No such file or directory: 'D:/output_result0726\\文学与语言/历史故事/道德与价值观/智慧谋略故事/79be55c211498bb5aa560d229aa60906.jpeg'
2025-08-06 21:20:01,621 - ERROR - Error calculating MD5 for D:/project/server/img\文学与语言/历史故事/民族与外交故事/民族融合/2e934d88afe0645d37b16753963d0fd5.jpeg: [Errno 2] No such file or directory: 'D:/project/server/img\\文学与语言/历史故事/民族与外交故事/民族融合/2e934d88afe0645d37b16753963d0fd5.jpeg'
2025-08-06 21:20:07,098 - ERROR - Error calculating MD5 for D:/project/server/img\文学与语言/成语/寓言故事类/7347aab4fb18d306c1f1697b5eda469a.jpg: [Errno 2] No such file or directory: 'D:/project/server/img\\文学与语言/成语/寓言故事类/7347aab4fb18d306c1f1697b5eda469a.jpg'
2025-08-06 21:20:07,584 - ERROR - Error calculating MD5 for D:/project/server/img\文学与语言/成语/神话传说类/3cf23f46ec1c8039244ba5fa9a5bd523.jpeg: [Errno 2] No such file or directory: 'D:/project/server/img\\文学与语言/成语/神话传说类/3cf23f46ec1c8039244ba5fa9a5bd523.jpeg'
2025-08-06 21:20:07,824 - ERROR - Error calculating MD5 for D:/project/server/img\文学与语言/歇后语/历史人物类/e2ca1553932bb472ea046eea27c3d0cf.jpeg: [Errno 2] No such file or directory: 'D:/project/server/img\\文学与语言/歇后语/历史人物类/e2ca1553932bb472ea046eea27c3d0cf.jpeg'
2025-08-06 21:20:08,025 - ERROR - Error calculating MD5 for D:/project/server/img\文学与语言/歇后语/哲理警示类/2c2d79b3890a5198ee56732b1791b269.jpeg: [Errno 2] No such file or directory: 'D:/project/server/img\\文学与语言/歇后语/哲理警示类/2c2d79b3890a5198ee56732b1791b269.jpeg'
2025-08-06 21:20:08,292 - ERROR - Error calculating MD5 for D:/project/server/img\文学与语言/歇后语/幽默讽刺类/老和尚捎嫁妆 ―― 下世再说不用.jpeg: [Errno 2] No such file or directory: 'D:/project/server/img\\文学与语言/歇后语/幽默讽刺类/老和尚捎嫁妆 ―― 下世再说不用.jpeg'
2025-08-06 21:20:08,779 - ERROR - Error calculating MD5 for D:/project/server/img\文学与语言/歇后语/比喻类/明喻型/7e42a330154eb12549769a1d31d13467.jpeg: [Errno 2] No such file or directory: 'D:/project/server/img\\文学与语言/歇后语/比喻类/明喻型/7e42a330154eb12549769a1d31d13467.jpeg'
2025-08-06 21:20:10,199 - ERROR - Error calculating MD5 for D:/project/server/img\文学与语言/神话故事/上古神话/人类起源神话/ea2b69ad9ca8304972e4774cf3418b0f.jpeg: [Errno 2] No such file or directory: 'D:/project/server/img\\文学与语言/神话故事/上古神话/人类起源神话/ea2b69ad9ca8304972e4774cf3418b0f.jpeg'
2025-08-06 21:20:10,237 - ERROR - Error calculating MD5 for D:/project/server/img\文学与语言/神话故事/上古神话/创世神话/6c3918fc0af832ed6a2fe002c0706a13.jpeg: [Errno 2] No such file or directory: 'D:/project/server/img\\文学与语言/神话故事/上古神话/创世神话/6c3918fc0af832ed6a2fe002c0706a13.jpeg'
2025-08-06 21:20:10,259 - ERROR - Error calculating MD5 for D:/project/server/img\文学与语言/神话故事/上古神话/创世神话/74261acca5d89381446060ef7dc749bd.jpeg: [Errno 2] No such file or directory: 'D:/project/server/img\\文学与语言/神话故事/上古神话/创世神话/74261acca5d89381446060ef7dc749bd.jpeg'
2025-08-06 21:20:10,274 - ERROR - Error calculating MD5 for D:/project/server/img\文学与语言/神话故事/上古神话/创世神话/16e774dcd489b47e431d52fdd81016e4.jpeg: [Errno 2] No such file or directory: 'D:/project/server/img\\文学与语言/神话故事/上古神话/创世神话/16e774dcd489b47e431d52fdd81016e4.jpeg'
2025-08-06 21:20:10,324 - ERROR - Error calculating MD5 for D:/project/server/img\文学与语言/神话故事/上古神话/创世神话/46cd8560221ef98afe5cf57c99ea0cee.jpeg: [Errno 2] No such file or directory: 'D:/project/server/img\\文学与语言/神话故事/上古神话/创世神话/46cd8560221ef98afe5cf57c99ea0cee.jpeg'
2025-08-06 21:20:10,402 - ERROR - Error calculating MD5 for D:/project/server/img\文学与语言/神话故事/上古神话/自然神话/2f3f124147b60bba0cf5f1915ebd6a84.jpeg: [Errno 2] No such file or directory: 'D:/project/server/img\\文学与语言/神话故事/上古神话/自然神话/2f3f124147b60bba0cf5f1915ebd6a84.jpeg'
2025-08-06 21:20:10,408 - ERROR - Error calculating MD5 for D:/project/server/img\文学与语言/神话故事/上古神话/自然神话/be9cd3eb69ad0406ec923c4cee61adc4.jpeg: [Errno 2] No such file or directory: 'D:/project/server/img\\文学与语言/神话故事/上古神话/自然神话/be9cd3eb69ad0406ec923c4cee61adc4.jpeg'
2025-08-06 21:20:10,480 - ERROR - Error calculating MD5 for D:/project/server/img\文学与语言/神话故事/宗教神话/佛教神话/702951f9a219ca03702c8a730013f65d.jpeg: [Errno 2] No such file or directory: 'D:/project/server/img\\文学与语言/神话故事/宗教神话/佛教神话/702951f9a219ca03702c8a730013f65d.jpeg'
2025-08-06 21:20:10,486 - ERROR - Error calculating MD5 for D:/project/server/img\文学与语言/神话故事/宗教神话/佛教神话/826bcbde082f150fd9d4f46a8a34b34c.jpeg: [Errno 2] No such file or directory: 'D:/project/server/img\\文学与语言/神话故事/宗教神话/佛教神话/826bcbde082f150fd9d4f46a8a34b34c.jpeg'
2025-08-06 21:20:10,522 - ERROR - Error calculating MD5 for D:/project/server/img\文学与语言/神话故事/宗教神话/佛教神话/70ece82af7571c7265b1da6306647e1e.jpeg: [Errno 2] No such file or directory: 'D:/project/server/img\\文学与语言/神话故事/宗教神话/佛教神话/70ece82af7571c7265b1da6306647e1e.jpeg'
2025-08-06 21:20:10,674 - ERROR - Error calculating MD5 for D:/project/server/img\文学与语言/神话故事/宗教神话/道教神话/93fc987011897b166d6e6e315afdee80.jpeg: [Errno 2] No such file or directory: 'D:/project/server/img\\文学与语言/神话故事/宗教神话/道教神话/93fc987011897b166d6e6e315afdee80.jpeg'
2025-08-06 21:20:10,846 - ERROR - Error calculating MD5 for D:/project/server/img\文学与语言/神话故事/幽冥与仙话神话/0558a752dda6be59989610b95d959148.jpeg: [Errno 2] No such file or directory: 'D:/project/server/img\\文学与语言/神话故事/幽冥与仙话神话/0558a752dda6be59989610b95d959148.jpeg'
2025-08-06 21:20:10,853 - ERROR - Error calculating MD5 for D:/project/server/img\文学与语言/神话故事/幽冥与仙话神话/e73dbcc4ab5627cfa6423dad4e4a51f5.jpeg: [Errno 2] No such file or directory: 'D:/project/server/img\\文学与语言/神话故事/幽冥与仙话神话/e73dbcc4ab5627cfa6423dad4e4a51f5.jpeg'
2025-08-06 21:20:11,025 - ERROR - Error calculating MD5 for D:/project/server/img\文学与语言/神话故事/民间神话/人物神化故事/1ee8bcf7af94473f83bdafd87f20b688.jpeg: [Errno 2] No such file or directory: 'D:/project/server/img\\文学与语言/神话故事/民间神话/人物神化故事/1ee8bcf7af94473f83bdafd87f20b688.jpeg'
2025-08-06 21:20:11,025 - ERROR - Error calculating MD5 for D:/project/server/img\文学与语言/神话故事/民间神话/人物神化故事/0e21c9cf3a4f9d5717e88012d8dfb61b.jpeg: [Errno 2] No such file or directory: 'D:/project/server/img\\文学与语言/神话故事/民间神话/人物神化故事/0e21c9cf3a4f9d5717e88012d8dfb61b.jpeg'
2025-08-06 21:20:11,192 - ERROR - Error calculating MD5 for D:/project/server/img\文学与语言/神话故事/民间神话/民俗相关神话/b35ca53dcef994ff0a48cbe27bacacb0.jpeg: [Errno 2] No such file or directory: 'D:/project/server/img\\文学与语言/神话故事/民间神话/民俗相关神话/b35ca53dcef994ff0a48cbe27bacacb0.jpeg'
2025-08-06 21:20:11,221 - ERROR - Error calculating MD5 for D:/project/server/img\文学与语言/神话故事/民间神话/民俗相关神话/ce72b0611985448d19dac9ca7411fb37.jpeg: [Errno 2] No such file or directory: 'D:/project/server/img\\文学与语言/神话故事/民间神话/民俗相关神话/ce72b0611985448d19dac9ca7411fb37.jpeg'
2025-08-06 21:20:11,238 - ERROR - Error calculating MD5 for D:/project/server/img\文学与语言/神话故事/民间神话/民俗相关神话/ed8408ad851d613e89bcdd289c2219f7.jpeg: [Errno 2] No such file or directory: 'D:/project/server/img\\文学与语言/神话故事/民间神话/民俗相关神话/ed8408ad851d613e89bcdd289c2219f7.jpeg'
2025-08-06 21:20:11,483 - ERROR - Error calculating MD5 for D:/project/server/img\文学与语言/神话故事/爱情神话/33d730b6331e2f524fbce3ee94290fc8.jpeg: [Errno 2] No such file or directory: 'D:/project/server/img\\文学与语言/神话故事/爱情神话/33d730b6331e2f524fbce3ee94290fc8.jpeg'
2025-08-06 21:20:11,546 - ERROR - Error calculating MD5 for D:/project/server/img\文学与语言/神话故事/爱情神话/bde114efa55cb59fb2acf8edb01069fb.jpeg: [Errno 2] No such file or directory: 'D:/project/server/img\\文学与语言/神话故事/爱情神话/bde114efa55cb59fb2acf8edb01069fb.jpeg'
